<?xml version="1.0" encoding="UTF-8"?>
<!-- Generated by org.testng.reporters.JUnitReportReporter -->
<testsuite hostname="DESKTOP-53MOV6E" failures="0" tests="2" name="amazonTestClass.ValidateCartAndBuy" time="86.418" errors="0" timestamp="2024-10-18T16:51:37 IST" skipped="0">
  <testcase classname="amazonTestClass.ValidateCartAndBuy" name="LoginPage" time="42.575"/>
  <system-out/>
  <testcase classname="amazonTestClass.ValidateCartAndBuy" name="LoginPage" time="43.843"/>
  <system-out/>
</testsuite> <!-- amazonTestClass.ValidateCartAndBuy -->
